# JRE version: OpenJDK Runtime Environment (8.0_152-b01) (build 1.8.0_152-release-1248-b01)
# Java VM: OpenJDK 64-Bit Server VM (25.152-b01 mixed mode bsd-amd64 compressed oops)
Heap:
 PSYoungGen      total 325120K, used 308371K [0x00000007aab00000, 0x00000007bfe00000, 0x00000007c0000000)
  eden space 303104K, 99% used [0x00000007aab00000,0x00000007bd06ae20,0x00000007bd300000)
  from space 22016K, 35% used [0x00000007be800000,0x00000007befb9f50,0x00000007bfd80000)
  to   space 21504K, 0% used [0x00000007bd300000,0x00000007bd300000,0x00000007be800000)
 ParOldGen       total 399872K, used 199217K [0x0000000780000000, 0x0000000798680000, 0x00000007aab00000)
  object space 399872K, 49% used [0x0000000780000000,0x000000078c28c430,0x0000000798680000)
 Metaspace       used 96612K, capacity 103378K, committed 103464K, reserved 1138688K
  class space    used 12129K, capacity 13347K, committed 13360K, reserved 1048576K
GC Heap History (10 events):
Event: 6866.204 GC heap before
{Heap before GC invocations=67 (full 5):
 PSYoungGen      total 317952K, used 299095K [0x00000007aab00000, 0x00000007bfd00000, 0x00000007c0000000)
  eden space 290304K, 100% used [0x00000007aab00000,0x00000007bc680000,0x00000007bc680000)
  from space 27648K, 31% used [0x00000007bc680000,0x00000007bcf15f20,0x00000007be180000)
  to   space 26112K, 0% used [0x00000007be380000,0x00000007be380000,0x00000007bfd00000)
 ParOldGen       total 399872K, used 197817K [0x0000000780000000, 0x0000000798680000, 0x00000007aab00000)
  object space 399872K, 49% used [0x0000000780000000,0x000000078c12e420,0x0000000798680000)
 Metaspace       used 95751K, capacity 102368K, committed 102568K, reserved 1138688K
  class space    used 12021K, capacity 13216K, committed 13232K, reserved 1048576K
Event: 6866.311 GC heap after
Heap after GC invocations=67 (full 5):
 PSYoungGen      total 320512K, used 8784K [0x00000007aab00000, 0x00000007bfc80000, 0x00000007c0000000)
  eden space 294912K, 0% used [0x00000007aab00000,0x00000007aab00000,0x00000007bcb00000)
  from space 25600K, 34% used [0x00000007be380000,0x00000007bec14040,0x00000007bfc80000)
  to   space 25088K, 0% used [0x00000007bcb00000,0x00000007bcb00000,0x00000007be380000)
 ParOldGen       total 399872K, used 198849K [0x0000000780000000, 0x0000000798680000, 0x00000007aab00000)
  object space 399872K, 49% used [0x0000000780000000,0x000000078c230430,0x0000000798680000)
 Metaspace       used 95751K, capacity 102368K, committed 102568K, reserved 1138688K
  class space    used 12021K, capacity 13216K, committed 13232K, reserved 1048576K
}
Event: 6868.885 GC heap before
{Heap before GC invocations=68 (full 5):
 PSYoungGen      total 320512K, used 303263K [0x00000007aab00000, 0x00000007bfc80000, 0x00000007c0000000)
  eden space 294912K, 99% used [0x00000007aab00000,0x00000007bca93eb0,0x00000007bcb00000)
  from space 25600K, 34% used [0x00000007be380000,0x00000007bec14040,0x00000007bfc80000)
  to   space 25088K, 0% used [0x00000007bcb00000,0x00000007bcb00000,0x00000007be380000)
 ParOldGen       total 399872K, used 198849K [0x0000000780000000, 0x0000000798680000, 0x00000007aab00000)
  object space 399872K, 49% used [0x0000000780000000,0x000000078c230430,0x0000000798680000)
 Metaspace       used 95754K, capacity 102368K, committed 102568K, reserved 1138688K
  class space    used 12022K, capacity 13216K, committed 13232K, reserved 1048576K
Event: 6868.915 GC heap after
Heap after GC invocations=68 (full 5):
 PSYoungGen      total 320000K, used 8906K [0x00000007aab00000, 0x00000007bfd80000, 0x00000007c0000000)
  eden space 294912K, 0% used [0x00000007aab00000,0x00000007aab00000,0x00000007bcb00000)
  from space 25088K, 35% used [0x00000007bcb00000,0x00000007bd3b2b68,0x00000007be380000)
  to   space 24064K, 0% used [0x00000007be600000,0x00000007be600000,0x00000007bfd80000)
 ParOldGen       total 399872K, used 198889K [0x0000000780000000, 0x0000000798680000, 0x00000007aab00000)
  object space 399872K, 49% used [0x0000000780000000,0x000000078c23a430,0x0000000798680000)
 Metaspace       used 95754K, capacity 102368K, committed 102568K, reserved 1138688K
  class space    used 12022K, capacity 13216K, committed 13232K, reserved 1048576K
}
Event: 7014.926 GC heap before
{Heap before GC invocations=69 (full 5):
 PSYoungGen      total 320000K, used 303426K [0x00000007aab00000, 0x00000007bfd80000, 0x00000007c0000000)
  eden space 294912K, 99% used [0x00000007aab00000,0x00000007bca9de08,0x00000007bcb00000)
  from space 25088K, 35% used [0x00000007bcb00000,0x00000007bd3b2b68,0x00000007be380000)
  to   space 24064K, 0% used [0x00000007be600000,0x00000007be600000,0x00000007bfd80000)
 ParOldGen       total 399872K, used 198889K [0x0000000780000000, 0x0000000798680000, 0x00000007aab00000)
  object space 399872K, 49% used [0x0000000780000000,0x000000078c23a430,0x0000000798680000)
 Metaspace       used 95984K, capacity 102736K, committed 102952K, reserved 1138688K
  class space    used 12048K, capacity 13264K, committed 13360K, reserved 1048576K
Event: 7014.949 GC heap after
Heap after GC invocations=69 (full 5):
 PSYoungGen      total 323072K, used 9258K [0x00000007aab00000, 0x00000007bfd00000, 0x00000007c0000000)
  eden space 299520K, 0% used [0x00000007aab00000,0x00000007aab00000,0x00000007bcf80000)
  from space 23552K, 39% used [0x00000007be600000,0x00000007bef0aa98,0x00000007bfd00000)
  to   space 23040K, 0% used [0x00000007bcf80000,0x00000007bcf80000,0x00000007be600000)
 ParOldGen       total 399872K, used 198905K [0x0000000780000000, 0x0000000798680000, 0x00000007aab00000)
  object space 399872K, 49% used [0x0000000780000000,0x000000078c23e430,0x0000000798680000)
 Metaspace       used 95984K, capacity 102736K, committed 102952K, reserved 1138688K
  class space    used 12048K, capacity 13264K, committed 13360K, reserved 1048576K
}
Event: 7044.613 GC heap before
{Heap before GC invocations=70 (full 5):
 PSYoungGen      total 323072K, used 308778K [0x00000007aab00000, 0x00000007bfd00000, 0x00000007c0000000)
  eden space 299520K, 100% used [0x00000007aab00000,0x00000007bcf80000,0x00000007bcf80000)
  from space 23552K, 39% used [0x00000007be600000,0x00000007bef0aa98,0x00000007bfd00000)
  to   space 23040K, 0% used [0x00000007bcf80000,0x00000007bcf80000,0x00000007be600000)
 ParOldGen       total 399872K, used 198905K [0x0000000780000000, 0x0000000798680000, 0x00000007aab00000)
  object space 399872K, 49% used [0x0000000780000000,0x000000078c23e430,0x0000000798680000)
 Metaspace       used 96432K, capacity 103226K, committed 103464K, reserved 1138688K
  class space    used 12126K, capacity 13345K, committed 13360K, reserved 1048576K
Event: 7044.657 GC heap after
Heap after GC invocations=70 (full 5):
 PSYoungGen      total 322560K, used 10054K [0x00000007aab00000, 0x00000007bfd80000, 0x00000007c0000000)
  eden space 299520K, 0% used [0x00000007aab00000,0x00000007aab00000,0x00000007bcf80000)
  from space 23040K, 43% used [0x00000007bcf80000,0x00000007bd951980,0x00000007be600000)
  to   space 22016K, 0% used [0x00000007be800000,0x00000007be800000,0x00000007bfd80000)
 ParOldGen       total 399872K, used 198945K [0x0000000780000000, 0x0000000798680000, 0x00000007aab00000)
  object space 399872K, 49% used [0x0000000780000000,0x000000078c248430,0x0000000798680000)
 Metaspace       used 96432K, capacity 103226K, committed 103464K, reserved 1138688K
  class space    used 12126K, capacity 13345K, committed 13360K, reserved 1048576K
}
Event: 7045.594 GC heap before
{Heap before GC invocations=71 (full 5):
 PSYoungGen      total 322560K, used 309574K [0x00000007aab00000, 0x00000007bfd80000, 0x00000007c0000000)
  eden space 299520K, 100% used [0x00000007aab00000,0x00000007bcf80000,0x00000007bcf80000)
  from space 23040K, 43% used [0x00000007bcf80000,0x00000007bd951980,0x00000007be600000)
  to   space 22016K, 0% used [0x00000007be800000,0x00000007be800000,0x00000007bfd80000)
 ParOldGen       total 399872K, used 198945K [0x0000000780000000, 0x0000000798680000, 0x00000007aab00000)
  object space 399872K, 49% used [0x0000000780000000,0x000000078c248430,0x0000000798680000)
 Metaspace       used 96442K, capacity 103238K, committed 103464K, reserved 1138688K
  class space    used 12127K, capacity 13347K, committed 13360K, reserved 1048576K
Event: 7045.608 GC heap after
Heap after GC invocations=71 (full 5):
 PSYoungGen      total 325120K, used 7911K [0x00000007aab00000, 0x00000007bfe00000, 0x00000007c0000000)
  eden space 303104K, 0% used [0x00000007aab00000,0x00000007aab00000,0x00000007bd300000)
  from space 22016K, 35% used [0x00000007be800000,0x00000007befb9f50,0x00000007bfd80000)
  to   space 21504K, 0% used [0x00000007bd300000,0x00000007bd300000,0x00000007be800000)
 ParOldGen       total 399872K, used 199217K [0x0000000780000000, 0x0000000798680000, 0x00000007aab00000)
  object space 399872K, 49% used [0x0000000780000000,0x000000078c28c430,0x0000000798680000)
 Metaspace       used 96442K, capacity 103238K, committed 103464K, reserved 1138688K
  class space    used 12127K, capacity 13347K, committed 13360K, reserved 1048576K
}

